<?xml version="1.0" encoding="UTF-8"?>
<robot generator="Robot 6.0 (Python 3.10.11 on win32)" generated="20240418 07:38:57.569" rpa="false" schemaversion="3">
<suite id="s1" name="Tests" source="C:\Users\pedro\Documents\projetos\luma\tests">
<suite id="s1-s1" name="Register Test" source="C:\Users\pedro\Documents\projetos\luma\tests\register_test.robot">
<test id="s1-s1-t1" name="Scenario: Success sign in as Natural Person" line="17">
<kw name="Open Browser" library="SeleniumLibrary" type="SETUP">
<arg>browser=${BROWSER}</arg>
<arg>url=${URL}</arg>
<doc>Opens a new browser instance to the optional ``url``.</doc>
<msg timestamp="20240418 07:38:58.269" level="INFO">Opening browser 'firefox' to base url 'https://magento.softwaretestingboard.com/'.</msg>
<status status="PASS" starttime="20240418 07:38:58.269" endtime="20240418 07:39:15.441"/>
</kw>
<kw name="Given I go to sign in page" library="register">
<kw name="Click Link" library="SeleniumLibrary">
<arg>${CREATE_ACCOUNT}</arg>
<doc>Clicks a link identified by ``locator``.</doc>
<msg timestamp="20240418 07:39:15.445" level="INFO">Clicking link 'Create an Account'.</msg>
<status status="PASS" starttime="20240418 07:39:15.443" endtime="20240418 07:39:20.457"/>
</kw>
<status status="PASS" starttime="20240418 07:39:15.442" endtime="20240418 07:39:20.457"/>
</kw>
<kw name="When I fill register form" library="register">
<kw name="Input Text" library="SeleniumLibrary">
<arg>${NAME_TEXT_FIELD}</arg>
<arg>User</arg>
<doc>Types the given ``text`` into the text field identified by ``locator``.</doc>
<msg timestamp="20240418 07:39:20.461" level="INFO">Typing text 'User' into text field 'id: firstname'.</msg>
<status status="PASS" starttime="20240418 07:39:20.461" endtime="20240418 07:39:20.637"/>
</kw>
<kw name="Input Text" library="SeleniumLibrary">
<arg>${LASTNAME_TEXT_FIELD}</arg>
<arg>Test</arg>
<doc>Types the given ``text`` into the text field identified by ``locator``.</doc>
<msg timestamp="20240418 07:39:20.641" level="INFO">Typing text 'Test' into text field 'id: lastname'.</msg>
<status status="PASS" starttime="20240418 07:39:20.637" endtime="20240418 07:39:20.761"/>
</kw>
<kw name="Input Text" library="SeleniumLibrary">
<arg>${EMAIL_TEXT_FIELD}</arg>
<arg>usertestsadasdas-009@email.com</arg>
<doc>Types the given ``text`` into the text field identified by ``locator``.</doc>
<msg timestamp="20240418 07:39:20.765" level="INFO">Typing text 'usertestsadasdas-009@email.com' into text field 'id: email_address'.</msg>
<status status="PASS" starttime="20240418 07:39:20.761" endtime="20240418 07:39:20.890"/>
</kw>
<kw name="Input Password" library="SeleniumLibrary">
<arg>${PASSWORD_FIELD}</arg>
<arg>14725228Bananas@112-009</arg>
<doc>Types the given password into the text field identified by ``locator``.</doc>
<msg timestamp="20240418 07:39:20.894" level="INFO">Typing password into text field 'id: password'.</msg>
<msg timestamp="20240418 07:39:20.906" level="INFO">Temporally setting log level to: NONE</msg>
<msg timestamp="20240418 07:39:21.162" level="INFO">Log level changed from NONE to INFO.</msg>
<status status="PASS" starttime="20240418 07:39:20.890" endtime="20240418 07:39:21.162"/>
</kw>
<kw name="Input Password" library="SeleniumLibrary">
<arg>${CONFIRM_PASSWORD_FIELD}</arg>
<arg>14725228Bananas@112-009</arg>
<doc>Types the given password into the text field identified by ``locator``.</doc>
<msg timestamp="20240418 07:39:21.166" level="INFO">Typing password into text field 'id: password-confirmation'.</msg>
<msg timestamp="20240418 07:39:21.186" level="INFO">Temporally setting log level to: NONE</msg>
<msg timestamp="20240418 07:39:21.227" level="INFO">Log level changed from NONE to INFO.</msg>
<status status="PASS" starttime="20240418 07:39:21.162" endtime="20240418 07:39:21.227"/>
</kw>
<status status="PASS" starttime="20240418 07:39:20.461" endtime="20240418 07:39:21.227"/>
</kw>
<kw name="And I submit register form" library="register">
<kw name="Click Button" library="SeleniumLibrary">
<arg>${SUBMIT_BUTTON}</arg>
<doc>Clicks the button identified by ``locator``.</doc>
<msg timestamp="20240418 07:39:21.227" level="INFO">Clicking button 'class: submit'.</msg>
<status status="PASS" starttime="20240418 07:39:21.227" endtime="20240418 07:39:26.543"/>
</kw>
<status status="PASS" starttime="20240418 07:39:21.227" endtime="20240418 07:39:26.543"/>
</kw>
<kw name="Then I should see a success message" library="register">
<kw name="Wait Until Page Contains" library="SeleniumLibrary">
<arg>${SUCCESS_MESSAGE}</arg>
<doc>Waits until ``text`` appears on the current page.</doc>
<msg timestamp="20240418 07:39:31.778" level="INFO" html="true">&lt;/td&gt;&lt;/tr&gt;&lt;tr&gt;&lt;td colspan="3"&gt;&lt;a href="selenium-screenshot-2.png"&gt;&lt;img src="selenium-screenshot-2.png" width="800px"&gt;&lt;/a&gt;</msg>
<msg timestamp="20240418 07:39:31.778" level="FAIL">Text 'Thank you for registering with Main Website Store.' did not appear in 5 seconds.</msg>
<status status="FAIL" starttime="20240418 07:39:26.545" endtime="20240418 07:39:31.788"/>
</kw>
<status status="FAIL" starttime="20240418 07:39:26.544" endtime="20240418 07:39:31.788"/>
</kw>
<kw name="And I should see My Wish List" library="register">
<status status="NOT RUN" starttime="20240418 07:39:31.788" endtime="20240418 07:39:31.788"/>
</kw>
<kw name="And I should see My Orders" library="register">
<status status="NOT RUN" starttime="20240418 07:39:31.788" endtime="20240418 07:39:31.788"/>
</kw>
<kw name="Close Browser" library="SeleniumLibrary" type="TEARDOWN">
<doc>Closes the current browser.</doc>
<status status="PASS" starttime="20240418 07:39:31.788" endtime="20240418 07:39:35.517"/>
</kw>
<status status="FAIL" starttime="20240418 07:38:58.269" endtime="20240418 07:39:35.517">Text 'Thank you for registering with Main Website Store.' did not appear in 5 seconds.</status>
</test>
<doc>Como cliente da loja virtual, desejo criar um
cadastro no sistema para poder visualizar meus
pedidos e listas de desejos.</doc>
<status status="FAIL" starttime="20240418 07:38:57.648" endtime="20240418 07:39:35.517"/>
</suite>
<status status="FAIL" starttime="20240418 07:38:57.586" endtime="20240418 07:39:35.533"/>
</suite>
<statistics>
<total>
<stat pass="0" fail="1" skip="0">All Tests</stat>
</total>
<tag>
</tag>
<suite>
<stat pass="0" fail="1" skip="0" id="s1" name="Tests">Tests</stat>
<stat pass="0" fail="1" skip="0" id="s1-s1" name="Register Test">Tests.Register Test</stat>
</suite>
</statistics>
<errors>
</errors>
</robot>
