<?xml version="1.0" encoding="UTF-8"?>
<robot generator="Robot 6.0 (Python 3.10.11 on win32)" generated="20240416 08:56:20.602" rpa="false" schemaversion="3">
<suite id="s1" name="Tests" source="C:\Users\pedro\Documents\projetos\luma\tests">
<suite id="s1-s1" name="Register Test" source="C:\Users\pedro\Documents\projetos\luma\tests\register_test.robot">
<test id="s1-s1-t1" name="Scenario: Success sign in as Natural Person" line="17">
<kw name="Open Browser" library="SeleniumLibrary" type="SETUP">
<arg>browser=${BROWSER}</arg>
<arg>url=${URL}</arg>
<doc>Opens a new browser instance to the optional ``url``.</doc>
<msg timestamp="20240416 08:56:21.253" level="INFO">Opening browser 'firefox' to base url 'https://magento.softwaretestingboard.com/'.</msg>
<status status="PASS" starttime="20240416 08:56:21.253" endtime="20240416 08:56:41.553"/>
</kw>
<kw name="Given Click Link" library="SeleniumLibrary">
<arg>${CREATE_ACCOUNT}</arg>
<doc>Clicks a link identified by ``locator``.</doc>
<msg timestamp="20240416 08:56:41.558" level="INFO">Clicking link 'Create an Account'.</msg>
<status status="PASS" starttime="20240416 08:56:41.555" endtime="20240416 08:56:45.132"/>
</kw>
<kw name="When Input text" library="SeleniumLibrary">
<arg>${NAME_TEXT_FIELD}</arg>
<arg>User</arg>
<doc>Types the given ``text`` into the text field identified by ``locator``.</doc>
<msg timestamp="20240416 08:56:45.136" level="INFO">Typing text 'User' into text field 'id: firstname'.</msg>
<status status="PASS" starttime="20240416 08:56:45.136" endtime="20240416 08:56:45.265"/>
</kw>
<kw name="And Input text" library="SeleniumLibrary">
<arg>${LASTNAME_TEXT_FIELD}</arg>
<arg>Test</arg>
<doc>Types the given ``text`` into the text field identified by ``locator``.</doc>
<msg timestamp="20240416 08:56:45.269" level="INFO">Typing text 'Test' into text field 'id: lastname'.</msg>
<status status="PASS" starttime="20240416 08:56:45.265" endtime="20240416 08:56:45.313"/>
</kw>
<kw name="And Input text" library="SeleniumLibrary">
<arg>${EMAIL_TEXT_FIELD}</arg>
<arg>usertestsadasdas-008@email.com</arg>
<doc>Types the given ``text`` into the text field identified by ``locator``.</doc>
<msg timestamp="20240416 08:56:45.321" level="INFO">Typing text 'usertestsadasdas-008@email.com' into text field 'id: email_address'.</msg>
<status status="PASS" starttime="20240416 08:56:45.317" endtime="20240416 08:56:45.442"/>
</kw>
<kw name="And Input password" library="SeleniumLibrary">
<arg>${PASSWORD_FIELD}</arg>
<arg>14725228Bananas@112-008</arg>
<doc>Types the given password into the text field identified by ``locator``.</doc>
<msg timestamp="20240416 08:56:45.442" level="INFO">Typing password into text field 'id: password'.</msg>
<msg timestamp="20240416 08:56:45.458" level="INFO">Temporally setting log level to: NONE</msg>
<msg timestamp="20240416 08:56:45.635" level="INFO">Log level changed from NONE to INFO.</msg>
<status status="PASS" starttime="20240416 08:56:45.442" endtime="20240416 08:56:45.635"/>
</kw>
<kw name="And Input password" library="SeleniumLibrary">
<arg>${CONFIRM_PASSWORD_FIELD}</arg>
<arg>14725228Bananas@112-008</arg>
<doc>Types the given password into the text field identified by ``locator``.</doc>
<msg timestamp="20240416 08:56:45.638" level="INFO">Typing password into text field 'id: password-confirmation'.</msg>
<msg timestamp="20240416 08:56:45.688" level="INFO">Temporally setting log level to: NONE</msg>
<msg timestamp="20240416 08:56:45.761" level="INFO">Log level changed from NONE to INFO.</msg>
<status status="PASS" starttime="20240416 08:56:45.635" endtime="20240416 08:56:45.761"/>
</kw>
<kw name="And Click button" library="SeleniumLibrary">
<arg>${SUBMIT_BUTTON}</arg>
<doc>Clicks the button identified by ``locator``.</doc>
<msg timestamp="20240416 08:56:45.765" level="INFO">Clicking button 'class: submit'.</msg>
<status status="PASS" starttime="20240416 08:56:45.765" endtime="20240416 08:56:49.845"/>
</kw>
<kw name="Then Wait until page contains" library="SeleniumLibrary">
<arg>${SUCCESS_MESSAGE}</arg>
<doc>Waits until ``text`` appears on the current page.</doc>
<status status="PASS" starttime="20240416 08:56:49.846" endtime="20240416 08:56:49.889"/>
</kw>
<kw name="And Page should contain Link" library="SeleniumLibrary">
<arg>${MY_ORDERS_LINK}</arg>
<doc>Verifies link identified by ``locator`` is found from current page.</doc>
<msg timestamp="20240416 08:56:49.901" level="INFO">Current page contains link 'https://magento.softwaretestingboard.com/sales/order/history/'.</msg>
<status status="PASS" starttime="20240416 08:56:49.891" endtime="20240416 08:56:49.901"/>
</kw>
<kw name="And Page should contain Link" library="SeleniumLibrary">
<arg>${MY_WISHLIST_LINK}</arg>
<doc>Verifies link identified by ``locator`` is found from current page.</doc>
<msg timestamp="20240416 08:56:49.921" level="INFO">Current page contains link 'https://magento.softwaretestingboard.com/wishlist/'.</msg>
<status status="PASS" starttime="20240416 08:56:49.905" endtime="20240416 08:56:49.921"/>
</kw>
<kw name="Close Browser" library="SeleniumLibrary" type="TEARDOWN">
<doc>Closes the current browser.</doc>
<status status="PASS" starttime="20240416 08:56:49.921" endtime="20240416 08:56:53.542"/>
</kw>
<status status="PASS" starttime="20240416 08:56:21.253" endtime="20240416 08:56:53.542"/>
</test>
<doc>Como cliente da loja virtual, desejo criar um
cadastro no sistema para poder visualizar meus
pedidos e listas de desejos.</doc>
<status status="PASS" starttime="20240416 08:56:20.665" endtime="20240416 08:56:53.542"/>
</suite>
<status status="PASS" starttime="20240416 08:56:20.602" endtime="20240416 08:56:53.558"/>
</suite>
<statistics>
<total>
<stat pass="1" fail="0" skip="0">All Tests</stat>
</total>
<tag>
</tag>
<suite>
<stat pass="1" fail="0" skip="0" id="s1" name="Tests">Tests</stat>
<stat pass="1" fail="0" skip="0" id="s1-s1" name="Register Test">Tests.Register Test</stat>
</suite>
</statistics>
<errors>
</errors>
</robot>
